2026-02-13
Findings:
- IDFPR lookup page https://online-dfpr.micropact.com/Lookup/LicenseLookup.aspx requires FormShield CAPTCHA for search; makes programmatic scraping difficult.
- Direct HTTP (curl) to LicenseLookup.aspx returns 403 Forbidden; browser session can load.
- License detail is loaded via JS function DisplayLicenceDetail(licID_contactID_RespName) which requests ../Lookup/licensedetail.aspx?id=<encoded>
- The `id` parameter is NOT the public license number; calling licensedetail.aspx?id=475189545 throws __EVENTARGUMENT not in correct format.
- The `id` appears to be a pipe-delimited internal key (likely credentialId|contactId|RespName) produced by search results.
- Therefore, without solving CAPTCHA or finding an undocumented API, IDFPR detail scraping at scale is blocked.

Homes.com alternative:
- Homes.com agent search pages (e.g. https://www.homes.com/real-estate-agents/chicago-il/) list agent cards including brokerage name.
- Individual agent profile pages include both brokerage and the IL license number (e.g. Pierre Mason profile shows: "Agent License: Illinois 475190464" and brokerage "Century 21 IMPACT").
- This provides a viable path to map license_number -> brokerage at least for agents present on Homes.com.
- Note: direct curl download of Homes.com JS assets returned Akamai "Access Denied"; browser access works.

Test batch (Homes.com profiles, 10 agents from Chicago agents list) - 2026-02-13:
- Avg page navigation load time (performance nav duration): ~1596 ms (n=10)
- License number present on profile: 2/10 (20%)
- Brokerage present: 10/10 (100%)
- Photo URL present: 10/10 (100%) (imagescdn.homes.com headshots)

Per-agent nav_ms:
- Pierre Mason: 480ms (license 475190464)
- Jennifer Haug: 1373ms (no license)
- Evan Napolitano: 2881ms (no license)
- Timothy Brent: 1617ms (no license)
- Autoria Morrow: 1930ms (no license)
- Joseph Siwinski: 1622ms (no license)
- Julie Schultz: 1888ms (no license)
- Maria Cudzich: 1452ms (no license)
- Flor Lumpkins: 1512ms (no license)
- George Venturella: 1206ms (license 475144709)
[2026-02-13T16:55:53.955Z] [test-batch] Starting scrape of 50 agents (batch: test-batch)
[2026-02-13T16:55:53.957Z] [test-batch] 50 agents remaining to scrape
[2026-02-13T16:55:55.765Z] [test-batch] [1/50] Scraping: Sam Abadi (475184955)
[2026-02-13T16:55:59.094Z] [test-batch]   ❌ No brokerage found
[2026-02-13T16:56:01.098Z] [test-batch] [2/50] Scraping: Elena Abakumova (475186012)
[2026-02-13T16:56:04.242Z] [test-batch]   ❌ No brokerage found
[2026-02-13T16:56:06.244Z] [test-batch] [3/50] Scraping: Aman T Aba Omer (475128197)
[2026-02-13T16:56:09.390Z] [test-batch]   ❌ No brokerage found
[2026-02-13T16:56:11.392Z] [test-batch] [4/50] Scraping: Ehab Abbas (475212530)
[2026-02-13T16:56:14.560Z] [test-batch]   ❌ No brokerage found
[2026-02-13T16:56:16.563Z] [test-batch] [5/50] Scraping: Feras Abbas (475184721)
[2026-02-13T16:56:19.723Z] [test-batch]   ❌ No brokerage found
[2026-02-13T16:56:19.724Z] [test-batch]   Saved 5 results | 4.8s/agent | ETA: 3.6 min
[2026-02-13T16:56:21.726Z] [test-batch] [6/50] Scraping: Hasan Aijaz Abbasi (475216787)
[2026-02-13T16:56:24.923Z] [test-batch]   ❌ No brokerage found
[2026-02-13T16:56:26.925Z] [test-batch] [7/50] Scraping: Sara Abbasi (475167105)
[2026-02-13T16:56:30.164Z] [test-batch]   ❌ No brokerage found
[2026-02-13T16:56:32.165Z] [test-batch] [8/50] Scraping: Sara Abbasi (475167105)
[2026-02-13T16:56:35.307Z] [test-batch]   ❌ No brokerage found
[2026-02-13T16:56:37.310Z] [test-batch] [9/50] Scraping: William James Abbatacola (471021039)
[2026-02-13T16:56:40.628Z] [test-batch]   ❌ No brokerage found
[2026-02-13T16:56:42.631Z] [test-batch] [10/50] Scraping: Eric Frank Abbate (475190160)
[2026-02-13T16:56:45.868Z] [test-batch]   ❌ No brokerage found
[2026-02-13T16:56:45.869Z] [test-batch]   Saved 10 results | 5.0s/agent | ETA: 3.3 min
[2026-02-13T16:56:47.871Z] [test-batch] [11/50] Scraping: Erika Abbate (471020621)
[2026-02-13T16:56:51.002Z] [test-batch]   ❌ No brokerage found
[2026-02-13T16:56:53.003Z] [test-batch] [12/50] Scraping: Eugene Abbott (475163414)
[2026-02-13T16:56:56.147Z] [test-batch]   ❌ No brokerage found
[2026-02-13T16:56:58.150Z] [test-batch] [13/50] Scraping: Derek Abbott-Molina (471021932)
